Using pre-set license
Built from '2021.3/staging' branch; Version is '2021.3.25f1 (68ef2c4f8861) revision 6876972'; Using compiler version '192829333'; Build Type 'Release'
OS: 'Windows 10  (10.0.19045) 64bit Professional' Language: 'en' Physical Memory: 32714 MB
BatchMode: 1, IsHumanControllingUs: 0, StartBugReporterOnCrash: 0, Is64bit: 1, IsPro: 1

COMMAND LINE ARGUMENTS:
D:\Programs\Unity Hub\2021.3.25f1\Editor\Unity.exe
-adb2
-batchMode
-noUpm
-name
AssetImportWorker4
-projectPath
D:/Projects/Unity_projects/IAT445_A2/IAT445_A2
-logFile
Logs/AssetImportWorker4.log
-srvPort
56489
Successfully changed project path to: D:/Projects/Unity_projects/IAT445_A2/IAT445_A2
D:/Projects/Unity_projects/IAT445_A2/IAT445_A2
[UnityMemory] Configuration Parameters - Can be set up in boot.config
    "memorysetup-bucket-allocator-granularity=16"
    "memorysetup-bucket-allocator-bucket-count=8"
    "memorysetup-bucket-allocator-block-size=33554432"
    "memorysetup-bucket-allocator-block-count=8"
    "memorysetup-main-allocator-block-size=16777216"
    "memorysetup-thread-allocator-block-size=16777216"
    "memorysetup-gfx-main-allocator-block-size=16777216"
    "memorysetup-gfx-thread-allocator-block-size=16777216"
    "memorysetup-cache-allocator-block-size=4194304"
    "memorysetup-typetree-allocator-block-size=2097152"
    "memorysetup-profiler-bucket-allocator-granularity=16"
    "memorysetup-profiler-bucket-allocator-bucket-count=8"
    "memorysetup-profiler-bucket-allocator-block-size=33554432"
    "memorysetup-profiler-bucket-allocator-block-count=8"
    "memorysetup-profiler-allocator-block-size=16777216"
    "memorysetup-profiler-editor-allocator-block-size=1048576"
    "memorysetup-temp-allocator-size-main=16777216"
    "memorysetup-job-temp-allocator-block-size=2097152"
    "memorysetup-job-temp-allocator-block-size-background=1048576"
    "memorysetup-job-temp-allocator-reduction-small-platforms=262144"
    "memorysetup-temp-allocator-size-background-worker=32768"
    "memorysetup-temp-allocator-size-job-worker=262144"
    "memorysetup-temp-allocator-size-preload-manager=33554432"
    "memorysetup-temp-allocator-size-nav-mesh-worker=65536"
    "memorysetup-temp-allocator-size-audio-worker=65536"
    "memorysetup-temp-allocator-size-cloud-worker=32768"
    "memorysetup-temp-allocator-size-gi-baking-worker=262144"
    "memorysetup-temp-allocator-size-gfx=262144"
Player connection [2248] Host "[IP] 192.168.1.229 [Port] 0 [Flags] 2 [Guid] 668005120 [EditorId] 668005120 [Version] 1048832 [Id] WindowsEditor(7,DESKTOP-G7TDJ4J) [Debug] 1 [PackageName] WindowsEditor [ProjectName] Editor" joined multi-casting on [225.0.0.222:54997]...

Player connection [2248] Host "[IP] 192.168.1.229 [Port] 0 [Flags] 2 [Guid] 668005120 [EditorId] 668005120 [Version] 1048832 [Id] WindowsEditor(7,DESKTOP-G7TDJ4J) [Debug] 1 [PackageName] WindowsEditor [ProjectName] Editor" joined alternative multi-casting on [225.0.0.222:34997]...

Refreshing native plugins compatible for Editor in 91.11 ms, found 3 plugins.
Preloading 0 native plugins for Editor in 0.00 ms.
Initialize engine version: 2021.3.25f1 (68ef2c4f8861)
[Subsystems] Discovering subsystems at path D:/Programs/Unity Hub/2021.3.25f1/Editor/Data/Resources/UnitySubsystems
[Subsystems] Discovering subsystems at path D:/Projects/Unity_projects/IAT445_A2/IAT445_A2/Assets
GfxDevice: creating device client; threaded=0; jobified=0
Direct3D:
    Version:  Direct3D 11.0 [level 11.1]
    Renderer: NVIDIA GeForce RTX 3060 Ti (ID=0x2486)
    Vendor:   NVIDIA
    VRAM:     8038 MB
    Driver:   31.0.15.3619
Initialize mono
Mono path[0] = 'D:/Programs/Unity Hub/2021.3.25f1/Editor/Data/Managed'
Mono path[1] = 'D:/Programs/Unity Hub/2021.3.25f1/Editor/Data/MonoBleedingEdge/lib/mono/unityjit-win32'
Mono config path = 'D:/Programs/Unity Hub/2021.3.25f1/Editor/Data/MonoBleedingEdge/etc'
Using monoOptions --debugger-agent=transport=dt_socket,embedding=1,server=y,suspend=n,address=127.0.0.1:56984
Begin MonoManager ReloadAssembly
Registering precompiled unity dll's ...
Register platform support module: D:/Programs/Unity Hub/2021.3.25f1/Editor/Data/PlaybackEngines/WindowsStandaloneSupport/UnityEditor.WindowsStandalone.Extensions.dll
Registered in 0.003035 seconds.
Native extension for WindowsStandalone target not found
Refreshing native plugins compatible for Editor in 98.15 ms, found 3 plugins.
Preloading 0 native plugins for Editor in 0.00 ms.
Mono: successfully reloaded assembly
- Completed reload, in  0.781 seconds
Domain Reload Profiling:
	ReloadAssembly (781ms)
		BeginReloadAssembly (103ms)
			ExecutionOrderSort (0ms)
			DisableScriptedObjects (0ms)
			BackupInstance (0ms)
			ReleaseScriptingObjects (0ms)
			CreateAndSetChildDomain (1ms)
		EndReloadAssembly (585ms)
			LoadAssemblies (102ms)
			RebuildTransferFunctionScriptingTraits (0ms)
			SetupTypeCache (129ms)
			ReleaseScriptCaches (0ms)
			RebuildScriptCaches (41ms)
			SetupLoadedEditorAssemblies (352ms)
				LogAssemblyErrors (0ms)
				InitializePlatformSupportModulesInManaged (10ms)
				SetLoadedEditorAssemblies (0ms)
				RefreshPlugins (98ms)
				BeforeProcessingInitializeOnLoad (1ms)
				ProcessInitializeOnLoadAttributes (178ms)
				ProcessInitializeOnLoadMethodAttributes (64ms)
				AfterProcessingInitializeOnLoad (0ms)
				EditorAssembliesLoaded (0ms)
			ExecutionOrderSort2 (0ms)
			AwakeInstancesAfterBackupRestoration (0ms)
Platform modules already initialized, skipping
Registering precompiled user dll's ...
Registered in 0.004256 seconds.
Begin MonoManager ReloadAssembly
Symbol file LoadedFromMemory doesn't match image D:\Projects\Unity_projects\IAT445_A2\IAT445_A2\Library\PackageCache\com.unity.visualscripting@1.8.0\Editor\VisualScripting.Core\Dependencies\YamlDotNet\Unity.VisualScripting.YamlDotNet.dll
Symbol file LoadedFromMemory doesn't match image D:\Projects\Unity_projects\IAT445_A2\IAT445_A2\Library\PackageCache\com.unity.visualscripting@1.8.0\Editor\VisualScripting.Core\Dependencies\DotNetZip\Unity.VisualScripting.IonicZip.dll
Native extension for WindowsStandalone target not found
Refreshing native plugins compatible for Editor in 0.51 ms, found 3 plugins.
Preloading 0 native plugins for Editor in 0.00 ms.
Mono: successfully reloaded assembly
- Completed reload, in  1.025 seconds
Domain Reload Profiling:
	ReloadAssembly (1025ms)
		BeginReloadAssembly (120ms)
			ExecutionOrderSort (0ms)
			DisableScriptedObjects (6ms)
			BackupInstance (0ms)
			ReleaseScriptingObjects (0ms)
			CreateAndSetChildDomain (21ms)
		EndReloadAssembly (800ms)
			LoadAssemblies (85ms)
			RebuildTransferFunctionScriptingTraits (0ms)
			SetupTypeCache (317ms)
			ReleaseScriptCaches (1ms)
			RebuildScriptCaches (47ms)
			SetupLoadedEditorAssemblies (321ms)
				LogAssemblyErrors (0ms)
				InitializePlatformSupportModulesInManaged (4ms)
				SetLoadedEditorAssemblies (0ms)
				RefreshPlugins (1ms)
				BeforeProcessingInitializeOnLoad (71ms)
				ProcessInitializeOnLoadAttributes (225ms)
				ProcessInitializeOnLoadMethodAttributes (17ms)
				AfterProcessingInitializeOnLoad (3ms)
				EditorAssembliesLoaded (0ms)
			ExecutionOrderSort2 (0ms)
			AwakeInstancesAfterBackupRestoration (9ms)
Platform modules already initialized, skipping
========================================================================
Worker process is ready to serve import requests
Launched and connected shader compiler UnityShaderCompiler.exe after 0.06 seconds
Refreshing native plugins compatible for Editor in 0.91 ms, found 3 plugins.
Preloading 0 native plugins for Editor in 0.00 ms.
Unloading 3062 Unused Serialized files (Serialized files now loaded: 0)
Unloading 27 unused Assets / (0.7 MB). Loaded Objects now: 3542.
Memory consumption went from 126.1 MB to 125.3 MB.
Total: 5.674400 ms (FindLiveObjects: 0.432000 ms CreateObjectMapping: 0.317600 ms MarkObjects: 4.439600 ms  DeleteObjects: 0.484100 ms)

AssetImportParameters requested are different than current active one (requested -> active):
  custom:video-decoder-ogg-theora: a1e56fd34408186e4bbccfd4996cb3dc -> 
  custom:container-muxer-webm: aa71ff27fc2769a1b78a27578f13a17b -> 
  custom:container-demuxer-webm: 4f35f7cbe854078d1ac9338744f61a02 -> 
  custom:video-encoder-webm-vp8: eb34c28f22e8b96e1ab97ce403110664 -> 
  custom:audio-encoder-webm-vorbis: bf7c407c2cedff20999df2af8eb42d56 -> 
  custom:framework-win-MediaFoundation: 216162199b28c13a410421893ffa2e32 -> 
  custom:container-demuxer-ogg: 62fdf1f143b41e24485cea50d1cbac27 -> 
  custom:video-decoder-webm-vp8: 9c59270c3fd7afecdb556c50c9e8de78 -> 
  custom:audio-decoder-ogg-vorbis: bf7c407c2cedff20999df2af8eb42d56 -> 
========================================================================
Received Import Request.
  Time since last request: 1154111.587679 seconds.
  path: Assets/Flooded_Grounds/Content/Meshes/mBackgrounds/BGR_Factory_A.fbx
  artifactKey: Guid(a201c7c761d9632468fb3896c03314d6) Importer(815301076,1909f56bfc062723c751e8b465ee728b)
Start importing Assets/Flooded_Grounds/Content/Meshes/mBackgrounds/BGR_Factory_A.fbx using Guid(a201c7c761d9632468fb3896c03314d6) Importer(815301076,1909f56bfc062723c751e8b465ee728b)  -> (artifact id: 'cf963ed47a86ea52d589ea8fa7ae042a') in 0.276558 seconds 
========================================================================
Received Import Request.
  Time since last request: 3.402423 seconds.
  path: Assets/Flooded_Grounds/Content/Meshes/mHelpers/_BLOCKERCUBE.fbx
  artifactKey: Guid(ded4816bb4f0ae9449cdbb502869ba0f) Importer(815301076,1909f56bfc062723c751e8b465ee728b)
Start importing Assets/Flooded_Grounds/Content/Meshes/mHelpers/_BLOCKERCUBE.fbx using Guid(ded4816bb4f0ae9449cdbb502869ba0f) Importer(815301076,1909f56bfc062723c751e8b465ee728b)  -> (artifact id: '9a1a4db4c1112ed4d0b7e016fa9897d0') in 0.016717 seconds 
========================================================================
Received Import Request.
  Time since last request: 7.535347 seconds.
  path: Assets/Flooded_Grounds/Content/Meshes/mProps/lo_FlyingSaucer.fbx
  artifactKey: Guid(9e0f549b4811e8d40b442f55a29bb169) Importer(815301076,1909f56bfc062723c751e8b465ee728b)
Start importing Assets/Flooded_Grounds/Content/Meshes/mProps/lo_FlyingSaucer.fbx using Guid(9e0f549b4811e8d40b442f55a29bb169) Importer(815301076,1909f56bfc062723c751e8b465ee728b)  -> (artifact id: '55bc902de00e985faa771b8c7ef4536d') in 0.037547 seconds 
========================================================================
Received Import Request.
  Time since last request: 0.000024 seconds.
  path: Assets/Flooded_Grounds/Content/Meshes/mProps/lo_Prop_Gravestone_A.fbx
  artifactKey: Guid(b858623572c29c944a72c50c1dbde337) Importer(815301076,1909f56bfc062723c751e8b465ee728b)
Start importing Assets/Flooded_Grounds/Content/Meshes/mProps/lo_Prop_Gravestone_A.fbx using Guid(b858623572c29c944a72c50c1dbde337) Importer(815301076,1909f56bfc062723c751e8b465ee728b)  -> (artifact id: '7035241e82cc17e55cecdf4fe94fc53f') in 0.021428 seconds 
========================================================================
Received Import Request.
  Time since last request: 0.000026 seconds.
  path: Assets/Flooded_Grounds/Content/Meshes/mProps/lo_Prop_Cabinet_B.fbx
  artifactKey: Guid(3cc4c6ec1bbd75742867e5f50b178edc) Importer(815301076,1909f56bfc062723c751e8b465ee728b)
Start importing Assets/Flooded_Grounds/Content/Meshes/mProps/lo_Prop_Cabinet_B.fbx using Guid(3cc4c6ec1bbd75742867e5f50b178edc) Importer(815301076,1909f56bfc062723c751e8b465ee728b)  -> (artifact id: '25ffd5438eac69baeaced5245ea3f4eb') in 0.091533 seconds 
========================================================================
Received Import Request.
  Time since last request: 0.000015 seconds.
  path: Assets/Flooded_Grounds/Content/Meshes/mProps/lo_Prop_Gravestone_C.fbx
  artifactKey: Guid(8522374f9e5b06645abc4e7c8da3b6c8) Importer(815301076,1909f56bfc062723c751e8b465ee728b)
Start importing Assets/Flooded_Grounds/Content/Meshes/mProps/lo_Prop_Gravestone_C.fbx using Guid(8522374f9e5b06645abc4e7c8da3b6c8) Importer(815301076,1909f56bfc062723c751e8b465ee728b)  -> (artifact id: '285bd0c7cfe9ebb9166497910185821f') in 0.048263 seconds 
========================================================================
Received Import Request.
  Time since last request: 0.000016 seconds.
  path: Assets/Flooded_Grounds/Content/Meshes/mProps/lo_Prop_ChurchBench_A_DM.fbx
  artifactKey: Guid(cf186547dc2647147bc8703966249057) Importer(815301076,1909f56bfc062723c751e8b465ee728b)
Start importing Assets/Flooded_Grounds/Content/Meshes/mProps/lo_Prop_ChurchBench_A_DM.fbx using Guid(cf186547dc2647147bc8703966249057) Importer(815301076,1909f56bfc062723c751e8b465ee728b)  -> (artifact id: '205155fdc5d656d5dcd1e246a1fabc60') in 0.069780 seconds 
========================================================================
Received Import Request.
  Time since last request: 0.000020 seconds.
  path: Assets/Flooded_Grounds/Content/Meshes/mProps/lo_Prop_Lamp_D.fbx
  artifactKey: Guid(da7a8ceca3365a343b2a5589e3f8c53e) Importer(815301076,1909f56bfc062723c751e8b465ee728b)
Start importing Assets/Flooded_Grounds/Content/Meshes/mProps/lo_Prop_Lamp_D.fbx using Guid(da7a8ceca3365a343b2a5589e3f8c53e) Importer(815301076,1909f56bfc062723c751e8b465ee728b)  -> (artifact id: 'b31804e4fab784a67127920cd11803cd') in 0.064065 seconds 
========================================================================
Received Import Request.
  Time since last request: 0.000035 seconds.
  path: Assets/Flooded_Grounds/Content/Meshes/mProps/lo_Prop_ParkBench_A.fbx
  artifactKey: Guid(ac768e201f97ed847a2a9fd96cac3557) Importer(815301076,1909f56bfc062723c751e8b465ee728b)
Start importing Assets/Flooded_Grounds/Content/Meshes/mProps/lo_Prop_ParkBench_A.fbx using Guid(ac768e201f97ed847a2a9fd96cac3557) Importer(815301076,1909f56bfc062723c751e8b465ee728b)  -> (artifact id: '6151b445ea731f9d05fac57c7d4455be') in 0.044169 seconds 
========================================================================
Received Import Request.
  Time since last request: 0.000018 seconds.
  path: Assets/Flooded_Grounds/Content/Meshes/mProps/lo_Prop_Lamp_E.fbx
  artifactKey: Guid(89d0b9d689b2f45408669baa322784e3) Importer(815301076,1909f56bfc062723c751e8b465ee728b)
Start importing Assets/Flooded_Grounds/Content/Meshes/mProps/lo_Prop_Lamp_E.fbx using Guid(89d0b9d689b2f45408669baa322784e3) Importer(815301076,1909f56bfc062723c751e8b465ee728b)  -> (artifact id: '141a4172ea87c3df0c3be90f5f2ac105') in 0.027636 seconds 
========================================================================
Received Import Request.
  Time since last request: 0.000018 seconds.
  path: Assets/Flooded_Grounds/Content/Meshes/mProps/lo_Prop_Gravestone_B.fbx
  artifactKey: Guid(77f6b03b6e453ae479b40116e9371dba) Importer(815301076,1909f56bfc062723c751e8b465ee728b)
Start importing Assets/Flooded_Grounds/Content/Meshes/mProps/lo_Prop_Gravestone_B.fbx using Guid(77f6b03b6e453ae479b40116e9371dba) Importer(815301076,1909f56bfc062723c751e8b465ee728b)  -> (artifact id: '792411ca6d5a87c031958bcf2314b7bc') in 0.015903 seconds 
========================================================================
Received Import Request.
  Time since last request: 0.000023 seconds.
  path: Assets/Flooded_Grounds/Content/Meshes/mProps/lo_Prop_LargeTable_A.fbx
  artifactKey: Guid(eacf5954699c5044e9c383c18fc2b716) Importer(815301076,1909f56bfc062723c751e8b465ee728b)
Start importing Assets/Flooded_Grounds/Content/Meshes/mProps/lo_Prop_LargeTable_A.fbx using Guid(eacf5954699c5044e9c383c18fc2b716) Importer(815301076,1909f56bfc062723c751e8b465ee728b)  -> (artifact id: '82e885fc8ca894cb4c5ad9334808a0a0') in 0.024142 seconds 
========================================================================
Received Import Request.
  Time since last request: 0.000021 seconds.
  path: Assets/Flooded_Grounds/Content/Meshes/mProps/lo_Prop_ChurchBench_A.fbx
  artifactKey: Guid(1aa9665178251df4bb03fb86ea2eb860) Importer(815301076,1909f56bfc062723c751e8b465ee728b)
Start importing Assets/Flooded_Grounds/Content/Meshes/mProps/lo_Prop_ChurchBench_A.fbx using Guid(1aa9665178251df4bb03fb86ea2eb860) Importer(815301076,1909f56bfc062723c751e8b465ee728b)  -> (artifact id: 'b65d32f5485e3edbb86c565232115fde') in 0.022712 seconds 
========================================================================
Received Import Request.
  Time since last request: 5.382512 seconds.
  path: Assets/Flooded_Grounds/Content/Meshes/mProps/lo_Prop_Car_A.fbm
  artifactKey: Guid(05e2e6d3a9ffd5a4a9d7a8dac20e74be) Importer(815301076,1909f56bfc062723c751e8b465ee728b)
Start importing Assets/Flooded_Grounds/Content/Meshes/mProps/lo_Prop_Car_A.fbm using Guid(05e2e6d3a9ffd5a4a9d7a8dac20e74be) Importer(815301076,1909f56bfc062723c751e8b465ee728b)  -> (artifact id: '40c93ca7fa4138252c244f7a4ba8876d') in 0.006006 seconds 
========================================================================
Received Import Request.
  Time since last request: 1.041467 seconds.
  path: Assets/Flooded_Grounds/Content/Meshes/mProps/lo_Prop_Car1_DM.fbm
  artifactKey: Guid(9045a7ec02b73a64e968756ef3604de2) Importer(815301076,1909f56bfc062723c751e8b465ee728b)
Start importing Assets/Flooded_Grounds/Content/Meshes/mProps/lo_Prop_Car1_DM.fbm using Guid(9045a7ec02b73a64e968756ef3604de2) Importer(815301076,1909f56bfc062723c751e8b465ee728b)  -> (artifact id: 'a5f7967647d302f5bb67769497fbe03c') in 0.005808 seconds 
========================================================================
Received Import Request.
  Time since last request: 1.210451 seconds.
  path: Assets/Flooded_Grounds/Content/Meshes/mProps/lo_Prop_Boat_A.fbm
  artifactKey: Guid(941e124d8ef37b343b4db01136d8ccdd) Importer(815301076,1909f56bfc062723c751e8b465ee728b)
Start importing Assets/Flooded_Grounds/Content/Meshes/mProps/lo_Prop_Boat_A.fbm using Guid(941e124d8ef37b343b4db01136d8ccdd) Importer(815301076,1909f56bfc062723c751e8b465ee728b)  -> (artifact id: '820c217e47954c8ca789728aa74c1b95') in 0.007393 seconds 
========================================================================
Received Import Request.
  Time since last request: 13.599842 seconds.
  path: Assets/Flooded_Grounds/Resources/TreeCreator
  artifactKey: Guid(246dd06fbc9340a41b8ab4ec7367e587) Importer(815301076,1909f56bfc062723c751e8b465ee728b)
Start importing Assets/Flooded_Grounds/Resources/TreeCreator using Guid(246dd06fbc9340a41b8ab4ec7367e587) Importer(815301076,1909f56bfc062723c751e8b465ee728b)  -> (artifact id: 'c6f4ef13ffc77d60d1f3d15ec41fe88f') in 0.007163 seconds 
========================================================================
Received Import Request.
  Time since last request: 1.827980 seconds.
  path: Assets/Flooded_Grounds/Resources/TreeCreator/TreeCreatorBark.shader
  artifactKey: Guid(c42ce9a27ea6fb444ae87b49dc21c23e) Importer(815301076,1909f56bfc062723c751e8b465ee728b)
Start importing Assets/Flooded_Grounds/Resources/TreeCreator/TreeCreatorBark.shader using Guid(c42ce9a27ea6fb444ae87b49dc21c23e) Importer(815301076,1909f56bfc062723c751e8b465ee728b)  -> (artifact id: '337211d1cce46cf5d86d0cc27b9e1b41') in 0.007536 seconds 
