Using pre-set license
Built from '2021.3/staging' branch; Version is '2021.3.25f1 (68ef2c4f8861) revision 6876972'; Using compiler version '192829333'; Build Type 'Release'
OS: 'Windows 10  (10.0.19045) 64bit Professional' Language: 'en' Physical Memory: 32714 MB
BatchMode: 1, IsHumanControllingUs: 0, StartBugReporterOnCrash: 0, Is64bit: 1, IsPro: 1

COMMAND LINE ARGUMENTS:
D:\Programs\Unity Hub\2021.3.25f1\Editor\Unity.exe
-adb2
-batchMode
-noUpm
-name
AssetImportWorker3
-projectPath
D:/Projects/Unity_projects/IAT445_A2/IAT445_A2
-logFile
Logs/AssetImportWorker3.log
-srvPort
56489
Successfully changed project path to: D:/Projects/Unity_projects/IAT445_A2/IAT445_A2
D:/Projects/Unity_projects/IAT445_A2/IAT445_A2
[UnityMemory] Configuration Parameters - Can be set up in boot.config
    "memorysetup-bucket-allocator-granularity=16"
    "memorysetup-bucket-allocator-bucket-count=8"
    "memorysetup-bucket-allocator-block-size=33554432"
    "memorysetup-bucket-allocator-block-count=8"
    "memorysetup-main-allocator-block-size=16777216"
    "memorysetup-thread-allocator-block-size=16777216"
    "memorysetup-gfx-main-allocator-block-size=16777216"
    "memorysetup-gfx-thread-allocator-block-size=16777216"
    "memorysetup-cache-allocator-block-size=4194304"
    "memorysetup-typetree-allocator-block-size=2097152"
    "memorysetup-profiler-bucket-allocator-granularity=16"
    "memorysetup-profiler-bucket-allocator-bucket-count=8"
    "memorysetup-profiler-bucket-allocator-block-size=33554432"
    "memorysetup-profiler-bucket-allocator-block-count=8"
    "memorysetup-profiler-allocator-block-size=16777216"
    "memorysetup-profiler-editor-allocator-block-size=1048576"
    "memorysetup-temp-allocator-size-main=16777216"
    "memorysetup-job-temp-allocator-block-size=2097152"
    "memorysetup-job-temp-allocator-block-size-background=1048576"
    "memorysetup-job-temp-allocator-reduction-small-platforms=262144"
    "memorysetup-temp-allocator-size-background-worker=32768"
    "memorysetup-temp-allocator-size-job-worker=262144"
    "memorysetup-temp-allocator-size-preload-manager=33554432"
    "memorysetup-temp-allocator-size-nav-mesh-worker=65536"
    "memorysetup-temp-allocator-size-audio-worker=65536"
    "memorysetup-temp-allocator-size-cloud-worker=32768"
    "memorysetup-temp-allocator-size-gi-baking-worker=262144"
    "memorysetup-temp-allocator-size-gfx=262144"
Player connection [21816] Host "[IP] 192.168.1.229 [Port] 0 [Flags] 2 [Guid] 301368125 [EditorId] 301368125 [Version] 1048832 [Id] WindowsEditor(7,DESKTOP-G7TDJ4J) [Debug] 1 [PackageName] WindowsEditor [ProjectName] Editor" joined multi-casting on [225.0.0.222:54997]...

Player connection [21816] Host "[IP] 192.168.1.229 [Port] 0 [Flags] 2 [Guid] 301368125 [EditorId] 301368125 [Version] 1048832 [Id] WindowsEditor(7,DESKTOP-G7TDJ4J) [Debug] 1 [PackageName] WindowsEditor [ProjectName] Editor" joined alternative multi-casting on [225.0.0.222:34997]...

Refreshing native plugins compatible for Editor in 94.71 ms, found 3 plugins.
Preloading 0 native plugins for Editor in 0.00 ms.
Initialize engine version: 2021.3.25f1 (68ef2c4f8861)
[Subsystems] Discovering subsystems at path D:/Programs/Unity Hub/2021.3.25f1/Editor/Data/Resources/UnitySubsystems
[Subsystems] Discovering subsystems at path D:/Projects/Unity_projects/IAT445_A2/IAT445_A2/Assets
GfxDevice: creating device client; threaded=0; jobified=0
Direct3D:
    Version:  Direct3D 11.0 [level 11.1]
    Renderer: NVIDIA GeForce RTX 3060 Ti (ID=0x2486)
    Vendor:   NVIDIA
    VRAM:     8038 MB
    Driver:   31.0.15.3619
Initialize mono
Mono path[0] = 'D:/Programs/Unity Hub/2021.3.25f1/Editor/Data/Managed'
Mono path[1] = 'D:/Programs/Unity Hub/2021.3.25f1/Editor/Data/MonoBleedingEdge/lib/mono/unityjit-win32'
Mono config path = 'D:/Programs/Unity Hub/2021.3.25f1/Editor/Data/MonoBleedingEdge/etc'
Using monoOptions --debugger-agent=transport=dt_socket,embedding=1,server=y,suspend=n,address=127.0.0.1:56608
Begin MonoManager ReloadAssembly
Registering precompiled unity dll's ...
Register platform support module: D:/Programs/Unity Hub/2021.3.25f1/Editor/Data/PlaybackEngines/WindowsStandaloneSupport/UnityEditor.WindowsStandalone.Extensions.dll
Registered in 0.003172 seconds.
Native extension for WindowsStandalone target not found
Refreshing native plugins compatible for Editor in 90.25 ms, found 3 plugins.
Preloading 0 native plugins for Editor in 0.00 ms.
Mono: successfully reloaded assembly
- Completed reload, in  0.724 seconds
Domain Reload Profiling:
	ReloadAssembly (724ms)
		BeginReloadAssembly (80ms)
			ExecutionOrderSort (0ms)
			DisableScriptedObjects (0ms)
			BackupInstance (0ms)
			ReleaseScriptingObjects (0ms)
			CreateAndSetChildDomain (1ms)
		EndReloadAssembly (550ms)
			LoadAssemblies (79ms)
			RebuildTransferFunctionScriptingTraits (0ms)
			SetupTypeCache (136ms)
			ReleaseScriptCaches (0ms)
			RebuildScriptCaches (33ms)
			SetupLoadedEditorAssemblies (333ms)
				LogAssemblyErrors (0ms)
				InitializePlatformSupportModulesInManaged (7ms)
				SetLoadedEditorAssemblies (0ms)
				RefreshPlugins (90ms)
				BeforeProcessingInitializeOnLoad (1ms)
				ProcessInitializeOnLoadAttributes (170ms)
				ProcessInitializeOnLoadMethodAttributes (63ms)
				AfterProcessingInitializeOnLoad (0ms)
				EditorAssembliesLoaded (0ms)
			ExecutionOrderSort2 (0ms)
			AwakeInstancesAfterBackupRestoration (0ms)
Platform modules already initialized, skipping
Registering precompiled user dll's ...
Registered in 0.004070 seconds.
Begin MonoManager ReloadAssembly
Symbol file LoadedFromMemory doesn't match image D:\Projects\Unity_projects\IAT445_A2\IAT445_A2\Library\PackageCache\com.unity.visualscripting@1.8.0\Editor\VisualScripting.Core\Dependencies\YamlDotNet\Unity.VisualScripting.YamlDotNet.dll
Symbol file LoadedFromMemory doesn't match image D:\Projects\Unity_projects\IAT445_A2\IAT445_A2\Library\PackageCache\com.unity.visualscripting@1.8.0\Editor\VisualScripting.Core\Dependencies\DotNetZip\Unity.VisualScripting.IonicZip.dll
Native extension for WindowsStandalone target not found
Refreshing native plugins compatible for Editor in 0.53 ms, found 3 plugins.
Preloading 0 native plugins for Editor in 0.00 ms.
Mono: successfully reloaded assembly
- Completed reload, in  1.105 seconds
Domain Reload Profiling:
	ReloadAssembly (1105ms)
		BeginReloadAssembly (134ms)
			ExecutionOrderSort (0ms)
			DisableScriptedObjects (6ms)
			BackupInstance (0ms)
			ReleaseScriptingObjects (0ms)
			CreateAndSetChildDomain (23ms)
		EndReloadAssembly (861ms)
			LoadAssemblies (187ms)
			RebuildTransferFunctionScriptingTraits (0ms)
			SetupTypeCache (304ms)
			ReleaseScriptCaches (1ms)
			RebuildScriptCaches (49ms)
			SetupLoadedEditorAssemblies (310ms)
				LogAssemblyErrors (0ms)
				InitializePlatformSupportModulesInManaged (4ms)
				SetLoadedEditorAssemblies (0ms)
				RefreshPlugins (1ms)
				BeforeProcessingInitializeOnLoad (73ms)
				ProcessInitializeOnLoadAttributes (210ms)
				ProcessInitializeOnLoadMethodAttributes (19ms)
				AfterProcessingInitializeOnLoad (3ms)
				EditorAssembliesLoaded (0ms)
			ExecutionOrderSort2 (0ms)
			AwakeInstancesAfterBackupRestoration (6ms)
Platform modules already initialized, skipping
========================================================================
Worker process is ready to serve import requests
Launched and connected shader compiler UnityShaderCompiler.exe after 0.07 seconds
Refreshing native plugins compatible for Editor in 1.14 ms, found 3 plugins.
Preloading 0 native plugins for Editor in 0.00 ms.
Unloading 3166 Unused Serialized files (Serialized files now loaded: 0)
Unloading 30 unused Assets / (0.7 MB). Loaded Objects now: 3627.
Memory consumption went from 121.6 MB to 120.9 MB.
Total: 6.209400 ms (FindLiveObjects: 0.512200 ms CreateObjectMapping: 0.380600 ms MarkObjects: 4.807200 ms  DeleteObjects: 0.508100 ms)

AssetImportParameters requested are different than current active one (requested -> active):
  custom:video-decoder-ogg-theora: a1e56fd34408186e4bbccfd4996cb3dc -> 
  custom:container-muxer-webm: aa71ff27fc2769a1b78a27578f13a17b -> 
  custom:container-demuxer-webm: 4f35f7cbe854078d1ac9338744f61a02 -> 
  custom:video-encoder-webm-vp8: eb34c28f22e8b96e1ab97ce403110664 -> 
  custom:audio-encoder-webm-vorbis: bf7c407c2cedff20999df2af8eb42d56 -> 
  custom:framework-win-MediaFoundation: 216162199b28c13a410421893ffa2e32 -> 
  custom:container-demuxer-ogg: 62fdf1f143b41e24485cea50d1cbac27 -> 
  custom:video-decoder-webm-vp8: 9c59270c3fd7afecdb556c50c9e8de78 -> 
  custom:audio-decoder-ogg-vorbis: bf7c407c2cedff20999df2af8eb42d56 -> 
========================================================================
Received Import Request.
  Time since last request: 1153908.320551 seconds.
  path: Assets/Flooded_Grounds/Scenes/Scene_A_Terrain.asset
  artifactKey: Guid(3067f4c4673ebb049b67c5cadc9ef499) Importer(815301076,1909f56bfc062723c751e8b465ee728b)
Start importing Assets/Flooded_Grounds/Scenes/Scene_A_Terrain.asset using Guid(3067f4c4673ebb049b67c5cadc9ef499) Importer(815301076,1909f56bfc062723c751e8b465ee728b)  -> (artifact id: '4ef4a131254d029baf418ea29f862395') in 0.516386 seconds 
========================================================================
Received Prepare
Registering precompiled user dll's ...
Registered in 0.003418 seconds.
Begin MonoManager ReloadAssembly
Symbol file LoadedFromMemory doesn't match image D:\Projects\Unity_projects\IAT445_A2\IAT445_A2\Library\PackageCache\com.unity.visualscripting@1.8.0\Editor\VisualScripting.Core\Dependencies\YamlDotNet\Unity.VisualScripting.YamlDotNet.dll
Symbol file LoadedFromMemory doesn't match image D:\Projects\Unity_projects\IAT445_A2\IAT445_A2\Library\PackageCache\com.unity.visualscripting@1.8.0\Editor\VisualScripting.Core\Dependencies\DotNetZip\Unity.VisualScripting.IonicZip.dll
Native extension for WindowsStandalone target not found
Refreshing native plugins compatible for Editor in 0.55 ms, found 3 plugins.
Preloading 0 native plugins for Editor in 0.00 ms.
Mono: successfully reloaded assembly
- Completed reload, in  0.895 seconds
Domain Reload Profiling:
	ReloadAssembly (895ms)
		BeginReloadAssembly (124ms)
			ExecutionOrderSort (0ms)
			DisableScriptedObjects (7ms)
			BackupInstance (0ms)
			ReleaseScriptingObjects (0ms)
			CreateAndSetChildDomain (31ms)
		EndReloadAssembly (691ms)
			LoadAssemblies (73ms)
			RebuildTransferFunctionScriptingTraits (0ms)
			SetupTypeCache (260ms)
			ReleaseScriptCaches (1ms)
			RebuildScriptCaches (38ms)
			SetupLoadedEditorAssemblies (275ms)
				LogAssemblyErrors (0ms)
				InitializePlatformSupportModulesInManaged (6ms)
				SetLoadedEditorAssemblies (0ms)
				RefreshPlugins (1ms)
				BeforeProcessingInitializeOnLoad (52ms)
				ProcessInitializeOnLoadAttributes (195ms)
				ProcessInitializeOnLoadMethodAttributes (18ms)
				AfterProcessingInitializeOnLoad (3ms)
				EditorAssembliesLoaded (0ms)
			ExecutionOrderSort2 (0ms)
			AwakeInstancesAfterBackupRestoration (6ms)
Platform modules already initialized, skipping
Refreshing native plugins compatible for Editor in 1.46 ms, found 3 plugins.
Preloading 0 native plugins for Editor in 0.00 ms.
Unloading 3049 Unused Serialized files (Serialized files now loaded: 0)
Unloading 66 unused Assets / (1.0 MB). Loaded Objects now: 3589.
Memory consumption went from 116.5 MB to 115.6 MB.
Total: 2.718800 ms (FindLiveObjects: 0.228300 ms CreateObjectMapping: 0.134000 ms MarkObjects: 1.980300 ms  DeleteObjects: 0.375400 ms)

AssetImportParameters requested are different than current active one (requested -> active):
  custom:video-decoder-ogg-theora: a1e56fd34408186e4bbccfd4996cb3dc -> 
  custom:container-muxer-webm: aa71ff27fc2769a1b78a27578f13a17b -> 
  custom:container-demuxer-webm: 4f35f7cbe854078d1ac9338744f61a02 -> 
  custom:video-encoder-webm-vp8: eb34c28f22e8b96e1ab97ce403110664 -> 
  custom:audio-encoder-webm-vorbis: bf7c407c2cedff20999df2af8eb42d56 -> 
  custom:framework-win-MediaFoundation: 216162199b28c13a410421893ffa2e32 -> 
  custom:container-demuxer-ogg: 62fdf1f143b41e24485cea50d1cbac27 -> 
  custom:video-decoder-webm-vp8: 9c59270c3fd7afecdb556c50c9e8de78 -> 
  custom:audio-decoder-ogg-vorbis: bf7c407c2cedff20999df2af8eb42d56 -> 
========================================================================
Received Import Request.
  Time since last request: 196.782416 seconds.
  path: Assets/Flooded_Grounds/Content/Materials/ATM_HaloRing.mat
  artifactKey: Guid(5d9f771ba477048468247073bc8ad533) Importer(815301076,1909f56bfc062723c751e8b465ee728b)
Start importing Assets/Flooded_Grounds/Content/Materials/ATM_HaloRing.mat using Guid(5d9f771ba477048468247073bc8ad533) Importer(815301076,1909f56bfc062723c751e8b465ee728b)  -> (artifact id: 'c840b54671617c1be5caf0f9ab8391b4') in 0.109927 seconds 
========================================================================
Received Import Request.
  Time since last request: 0.000018 seconds.
  path: Assets/Flooded_Grounds/Content/Materials/MSC_HumanScale.mat
  artifactKey: Guid(d43da3634ccda7e4dbfd7e94e3071c6f) Importer(815301076,1909f56bfc062723c751e8b465ee728b)
Start importing Assets/Flooded_Grounds/Content/Materials/MSC_HumanScale.mat using Guid(d43da3634ccda7e4dbfd7e94e3071c6f) Importer(815301076,1909f56bfc062723c751e8b465ee728b)  -> (artifact id: '0a5c45f2c536f89647a45742520f22ce') in 0.213148 seconds 
========================================================================
Received Import Request.
  Time since last request: 0.000023 seconds.
  path: Assets/Flooded_Grounds/Content/Materials/BGR_Sky1.mat
  artifactKey: Guid(1612dc54605b67947bed7b6e6b4f48c4) Importer(815301076,1909f56bfc062723c751e8b465ee728b)
Start importing Assets/Flooded_Grounds/Content/Materials/BGR_Sky1.mat using Guid(1612dc54605b67947bed7b6e6b4f48c4) Importer(815301076,1909f56bfc062723c751e8b465ee728b)  -> (artifact id: '055ec0d0968801e045a02ec6fbd3cbe2') in 0.018331 seconds 
========================================================================
Received Import Request.
  Time since last request: 0.000029 seconds.
  path: Assets/Flooded_Grounds/Content/Materials/BLD_Villa1.mat
  artifactKey: Guid(cabe3fb983aee104ea795ed6af48204a) Importer(815301076,1909f56bfc062723c751e8b465ee728b)
Start importing Assets/Flooded_Grounds/Content/Materials/BLD_Villa1.mat using Guid(cabe3fb983aee104ea795ed6af48204a) Importer(815301076,1909f56bfc062723c751e8b465ee728b)  -> (artifact id: '82f9a0dce57880c73a45bb55d18529bf') in 0.316255 seconds 
========================================================================
Received Import Request.
  Time since last request: 0.000027 seconds.
  path: Assets/Flooded_Grounds/Content/Materials/BLD_Structures2.mat
  artifactKey: Guid(059f40424b9d4674ebaed350bd5e0c2f) Importer(815301076,1909f56bfc062723c751e8b465ee728b)
Start importing Assets/Flooded_Grounds/Content/Materials/BLD_Structures2.mat using Guid(059f40424b9d4674ebaed350bd5e0c2f) Importer(815301076,1909f56bfc062723c751e8b465ee728b)  -> (artifact id: 'cb67eab937212ca5c3d65f3ac9a45fc9') in 0.052298 seconds 
========================================================================
Received Import Request.
  Time since last request: 0.000038 seconds.
  path: Assets/Flooded_Grounds/Content/Materials/BLD_Structures2_LOD.mat
  artifactKey: Guid(0a5e5d99899513c4eb2d420489f08ccd) Importer(815301076,1909f56bfc062723c751e8b465ee728b)
Start importing Assets/Flooded_Grounds/Content/Materials/BLD_Structures2_LOD.mat using Guid(0a5e5d99899513c4eb2d420489f08ccd) Importer(815301076,1909f56bfc062723c751e8b465ee728b)  -> (artifact id: '4731d17f479437c876c0bf87098e18b3') in 0.212645 seconds 
========================================================================
Received Import Request.
  Time since last request: 0.000023 seconds.
  path: Assets/Flooded_Grounds/Content/Materials/BLD_Cabins_Mossy.mat
  artifactKey: Guid(0491e1d077b3ca643a27b77d56cc03b3) Importer(815301076,1909f56bfc062723c751e8b465ee728b)
Start importing Assets/Flooded_Grounds/Content/Materials/BLD_Cabins_Mossy.mat using Guid(0491e1d077b3ca643a27b77d56cc03b3) Importer(815301076,1909f56bfc062723c751e8b465ee728b)  -> (artifact id: 'd7ffd665881511f25a811680b76ce3aa') in 0.273500 seconds 
========================================================================
Received Import Request.
  Time since last request: 0.000032 seconds.
  path: Assets/Flooded_Grounds/Content/Materials/BLD_Cabins.mat
  artifactKey: Guid(2d96e79d3d44b824381f64be7765f5c2) Importer(815301076,1909f56bfc062723c751e8b465ee728b)
Start importing Assets/Flooded_Grounds/Content/Materials/BLD_Cabins.mat using Guid(2d96e79d3d44b824381f64be7765f5c2) Importer(815301076,1909f56bfc062723c751e8b465ee728b)  -> (artifact id: 'f7137def36b1869f19c86b3f5343eca0') in 0.040516 seconds 
========================================================================
Received Import Request.
  Time since last request: 0.000024 seconds.
  path: Assets/Flooded_Grounds/Content/Materials/NAT_Grass.mat
  artifactKey: Guid(c6d8319ab8e4fb64494c4a9e3b97dc9d) Importer(815301076,1909f56bfc062723c751e8b465ee728b)
Start importing Assets/Flooded_Grounds/Content/Materials/NAT_Grass.mat using Guid(c6d8319ab8e4fb64494c4a9e3b97dc9d) Importer(815301076,1909f56bfc062723c751e8b465ee728b)  -> (artifact id: '4e3b160539ed6a526827b868968231d9') in 0.257832 seconds 
========================================================================
Received Import Request.
  Time since last request: 0.000023 seconds.
  path: Assets/Flooded_Grounds/Content/Materials/PROP_SmallProps2.mat
  artifactKey: Guid(9107b4df6f0b8d44092ad6117a1db3d4) Importer(815301076,1909f56bfc062723c751e8b465ee728b)
Start importing Assets/Flooded_Grounds/Content/Materials/PROP_SmallProps2.mat using Guid(9107b4df6f0b8d44092ad6117a1db3d4) Importer(815301076,1909f56bfc062723c751e8b465ee728b)  -> (artifact id: '313978a6bd758e5e11a945840932ae87') in 0.026523 seconds 
========================================================================
Received Import Request.
  Time since last request: 0.000027 seconds.
  path: Assets/Flooded_Grounds/Content/Materials/BLD_Villa2.mat
  artifactKey: Guid(7c038e6fd547b3841a5a66ff479547e1) Importer(815301076,1909f56bfc062723c751e8b465ee728b)
Start importing Assets/Flooded_Grounds/Content/Materials/BLD_Villa2.mat using Guid(7c038e6fd547b3841a5a66ff479547e1) Importer(815301076,1909f56bfc062723c751e8b465ee728b)  -> (artifact id: '3456afae0422295c5688f055f66a2c8c') in 0.035162 seconds 
========================================================================
Received Import Request.
  Time since last request: 0.000022 seconds.
  path: Assets/Flooded_Grounds/Content/Materials/BLD_Church1.mat
  artifactKey: Guid(67839f18cb008324fad823e901f01b33) Importer(815301076,1909f56bfc062723c751e8b465ee728b)
Start importing Assets/Flooded_Grounds/Content/Materials/BLD_Church1.mat using Guid(67839f18cb008324fad823e901f01b33) Importer(815301076,1909f56bfc062723c751e8b465ee728b)  -> (artifact id: '2ee3edfa9b0ca1f783752d15827ad184') in 0.032140 seconds 
========================================================================
Received Import Request.
  Time since last request: 0.000022 seconds.
  path: Assets/Flooded_Grounds/Content/Materials/NAT_GroundMoss.mat
  artifactKey: Guid(07fadee667c4d2b4d95d85c8eddf79a9) Importer(815301076,1909f56bfc062723c751e8b465ee728b)
Start importing Assets/Flooded_Grounds/Content/Materials/NAT_GroundMoss.mat using Guid(07fadee667c4d2b4d95d85c8eddf79a9) Importer(815301076,1909f56bfc062723c751e8b465ee728b)  -> (artifact id: '61cc884f40588006ba26e07ea04dcb7a') in 0.220750 seconds 
========================================================================
Received Import Request.
  Time since last request: 0.000023 seconds.
  path: Assets/Flooded_Grounds/Content/Materials/PROP_Cabinets1.mat
  artifactKey: Guid(aa7b4c18d39db534ea65f1fc678cfd24) Importer(815301076,1909f56bfc062723c751e8b465ee728b)
Start importing Assets/Flooded_Grounds/Content/Materials/PROP_Cabinets1.mat using Guid(aa7b4c18d39db534ea65f1fc678cfd24) Importer(815301076,1909f56bfc062723c751e8b465ee728b)  -> (artifact id: '2c30aaa2221c2804466cf618697456b9') in 0.028634 seconds 
========================================================================
Received Import Request.
  Time since last request: 0.000039 seconds.
  path: Assets/Flooded_Grounds/Content/Materials/NAT_Bush1.mat
  artifactKey: Guid(d26ea6fcc09300042a18c16ba1ac7887) Importer(815301076,1909f56bfc062723c751e8b465ee728b)
Start importing Assets/Flooded_Grounds/Content/Materials/NAT_Bush1.mat using Guid(d26ea6fcc09300042a18c16ba1ac7887) Importer(815301076,1909f56bfc062723c751e8b465ee728b)  -> (artifact id: '7942847aa93854e8434eabe7ab0b6fc2') in 0.167143 seconds 
========================================================================
Received Import Request.
  Time since last request: 0.000025 seconds.
  path: Assets/Flooded_Grounds/Content/Materials/BLD_WindowGlass1.mat
  artifactKey: Guid(2b1f4e3c22d03d742a6e1e2e95a7e606) Importer(815301076,1909f56bfc062723c751e8b465ee728b)
Start importing Assets/Flooded_Grounds/Content/Materials/BLD_WindowGlass1.mat using Guid(2b1f4e3c22d03d742a6e1e2e95a7e606) Importer(815301076,1909f56bfc062723c751e8b465ee728b)  -> (artifact id: 'e4cebbfc080ee1848c1bc00dda7c5c14') in 0.272335 seconds 
========================================================================
Received Import Request.
  Time since last request: 0.000029 seconds.
  path: Assets/Flooded_Grounds/Content/Materials/BLD_Structures1.mat
  artifactKey: Guid(bece166f1833f674d9c16ea5184455ca) Importer(815301076,1909f56bfc062723c751e8b465ee728b)
Start importing Assets/Flooded_Grounds/Content/Materials/BLD_Structures1.mat using Guid(bece166f1833f674d9c16ea5184455ca) Importer(815301076,1909f56bfc062723c751e8b465ee728b)  -> (artifact id: '293585f23b88ccba0c99bd5d33c7f9a0') in 0.036347 seconds 
========================================================================
Received Import Request.
  Time since last request: 0.000039 seconds.
  path: Assets/Flooded_Grounds/Content/Materials/BLD_IndBuilding1_LOD.mat
  artifactKey: Guid(eb205ee712ebdad44846425da33e862d) Importer(815301076,1909f56bfc062723c751e8b465ee728b)
Start importing Assets/Flooded_Grounds/Content/Materials/BLD_IndBuilding1_LOD.mat using Guid(eb205ee712ebdad44846425da33e862d) Importer(815301076,1909f56bfc062723c751e8b465ee728b)  -> (artifact id: '3cedd985cf3c0cc8c56827e85bfcb096') in 0.020215 seconds 
========================================================================
Received Import Request.
  Time since last request: 0.000017 seconds.
  path: Assets/Flooded_Grounds/Content/Meshes/mAtmospherics
  artifactKey: Guid(805487a4f422dd54f85bfd0809259a64) Importer(815301076,1909f56bfc062723c751e8b465ee728b)
Start importing Assets/Flooded_Grounds/Content/Meshes/mAtmospherics using Guid(805487a4f422dd54f85bfd0809259a64) Importer(815301076,1909f56bfc062723c751e8b465ee728b)  -> (artifact id: '2fef78a26170401f09ef16395f0d62ac') in 0.007221 seconds 
========================================================================
Received Import Request.
  Time since last request: 0.000022 seconds.
  path: Assets/Flooded_Grounds/Content/Materials/BLD_Bridge1.mat
  artifactKey: Guid(5a13720bee0f5804d91f33010ed31391) Importer(815301076,1909f56bfc062723c751e8b465ee728b)
Start importing Assets/Flooded_Grounds/Content/Materials/BLD_Bridge1.mat using Guid(5a13720bee0f5804d91f33010ed31391) Importer(815301076,1909f56bfc062723c751e8b465ee728b)  -> (artifact id: '96611733a2e461d3c9e6ed28a228321d') in 0.042630 seconds 
========================================================================
Received Import Request.
  Time since last request: 0.000028 seconds.
  path: Assets/Flooded_Grounds/Content/Materials/BLD_Structures1_LOD.mat
  artifactKey: Guid(4868299c5b3ac2848925175126b6d2fa) Importer(815301076,1909f56bfc062723c751e8b465ee728b)
Start importing Assets/Flooded_Grounds/Content/Materials/BLD_Structures1_LOD.mat using Guid(4868299c5b3ac2848925175126b6d2fa) Importer(815301076,1909f56bfc062723c751e8b465ee728b)  -> (artifact id: '2de42d713e86fa02dfd096086595d1b8') in 0.019828 seconds 
========================================================================
Received Import Request.
  Time since last request: 0.000024 seconds.
  path: Assets/Flooded_Grounds/Content/Materials/PROP_Car1.mat
  artifactKey: Guid(7133f30d0d44edd4fa2e40eb012e75ed) Importer(815301076,1909f56bfc062723c751e8b465ee728b)
Start importing Assets/Flooded_Grounds/Content/Materials/PROP_Car1.mat using Guid(7133f30d0d44edd4fa2e40eb012e75ed) Importer(815301076,1909f56bfc062723c751e8b465ee728b)  -> (artifact id: 'e6defdb9bba0b324238d15b46a8bc82e') in 0.039771 seconds 
========================================================================
Received Import Request.
  Time since last request: 3.405566 seconds.
  path: Assets/Flooded_Grounds/Content/Meshes/mBackgrounds/BGR_LargePipe_A.fbx
  artifactKey: Guid(40477e487f4bf334cbc3a784a139828b) Importer(815301076,1909f56bfc062723c751e8b465ee728b)
Start importing Assets/Flooded_Grounds/Content/Meshes/mBackgrounds/BGR_LargePipe_A.fbx using Guid(40477e487f4bf334cbc3a784a139828b) Importer(815301076,1909f56bfc062723c751e8b465ee728b)  -> (artifact id: 'd6fb4efb996322a535e160afd1df1292') in 0.154045 seconds 
========================================================================
Received Import Request.
  Time since last request: 11.081015 seconds.
  path: Assets/Flooded_Grounds/Content/Meshes/mProps/lo_Prop_Bed_B.fbx
  artifactKey: Guid(e6d647b65c8b6b74090c58f977304baf) Importer(815301076,1909f56bfc062723c751e8b465ee728b)
Start importing Assets/Flooded_Grounds/Content/Meshes/mProps/lo_Prop_Bed_B.fbx using Guid(e6d647b65c8b6b74090c58f977304baf) Importer(815301076,1909f56bfc062723c751e8b465ee728b)  -> (artifact id: '3eff7c1a96179aaf5e4d5a6ee8c0d2bf') in 0.041146 seconds 
========================================================================
Received Import Request.
  Time since last request: 0.000014 seconds.
  path: Assets/Flooded_Grounds/Content/Meshes/mProps/lo_Prop_Vase_A.fbx
  artifactKey: Guid(33f33dc868f91ef4dbcd8e056f537976) Importer(815301076,1909f56bfc062723c751e8b465ee728b)
Start importing Assets/Flooded_Grounds/Content/Meshes/mProps/lo_Prop_Vase_A.fbx using Guid(33f33dc868f91ef4dbcd8e056f537976) Importer(815301076,1909f56bfc062723c751e8b465ee728b)  -> (artifact id: '84c7740534827ccf818bbe4c2a05046c') in 0.110542 seconds 
========================================================================
Received Import Request.
  Time since last request: 0.000027 seconds.
  path: Assets/Flooded_Grounds/Content/Meshes/mProps/lo_Prop_Vase_B.fbx
  artifactKey: Guid(6be9ebbcf714925409f0be3e8b8d01fb) Importer(815301076,1909f56bfc062723c751e8b465ee728b)
Start importing Assets/Flooded_Grounds/Content/Meshes/mProps/lo_Prop_Vase_B.fbx using Guid(6be9ebbcf714925409f0be3e8b8d01fb) Importer(815301076,1909f56bfc062723c751e8b465ee728b)  -> (artifact id: 'df7ac87d06a16bc84137f46b577d25ab') in 0.064861 seconds 
========================================================================
Received Import Request.
  Time since last request: 0.000028 seconds.
  path: Assets/Flooded_Grounds/Content/Meshes/mProps/Prop_Painting_B.fbx
  artifactKey: Guid(a7017ebc27bb4794b8cc0b547b386472) Importer(815301076,1909f56bfc062723c751e8b465ee728b)
Start importing Assets/Flooded_Grounds/Content/Meshes/mProps/Prop_Painting_B.fbx using Guid(a7017ebc27bb4794b8cc0b547b386472) Importer(815301076,1909f56bfc062723c751e8b465ee728b)  -> (artifact id: '0cee9a36620eb37a627cc1056c74f631') in 0.059213 seconds 
========================================================================
Received Import Request.
  Time since last request: 0.000024 seconds.
  path: Assets/Flooded_Grounds/Content/Meshes/mProps/Prop_Rug_C.fbx
  artifactKey: Guid(513499f9d76de634cbcfe89284395a4a) Importer(815301076,1909f56bfc062723c751e8b465ee728b)
Start importing Assets/Flooded_Grounds/Content/Meshes/mProps/Prop_Rug_C.fbx using Guid(513499f9d76de634cbcfe89284395a4a) Importer(815301076,1909f56bfc062723c751e8b465ee728b)  -> (artifact id: 'dbbaac5443ece0b1c602464650aba860') in 0.029700 seconds 
========================================================================
Received Import Request.
  Time since last request: 0.000016 seconds.
  path: Assets/Flooded_Grounds/Content/Meshes/mProps/lo_Prop_Clock_A.fbx
  artifactKey: Guid(8680dd35bb3dca44894da5f2cdc2aec4) Importer(815301076,1909f56bfc062723c751e8b465ee728b)
Start importing Assets/Flooded_Grounds/Content/Meshes/mProps/lo_Prop_Clock_A.fbx using Guid(8680dd35bb3dca44894da5f2cdc2aec4) Importer(815301076,1909f56bfc062723c751e8b465ee728b)  -> (artifact id: 'ea552bc58a423d70e835813cc68ab953') in 0.038338 seconds 
========================================================================
Received Import Request.
  Time since last request: 0.000022 seconds.
  path: Assets/Flooded_Grounds/Content/Meshes/mProps/Prop_Rug_B.fbx
  artifactKey: Guid(f78cb6b1bea1fb64aa0c84f11c105d87) Importer(815301076,1909f56bfc062723c751e8b465ee728b)
Start importing Assets/Flooded_Grounds/Content/Meshes/mProps/Prop_Rug_B.fbx using Guid(f78cb6b1bea1fb64aa0c84f11c105d87) Importer(815301076,1909f56bfc062723c751e8b465ee728b)  -> (artifact id: '51a612f5b77353c1089734f37dec7d5c') in 0.015285 seconds 
========================================================================
Received Import Request.
  Time since last request: 0.000024 seconds.
  path: Assets/Flooded_Grounds/Content/Meshes/mProps/lo_Prop_Lamp_A.fbx
  artifactKey: Guid(fbb069574c0f0f64a9948fb3e94e2572) Importer(815301076,1909f56bfc062723c751e8b465ee728b)
Start importing Assets/Flooded_Grounds/Content/Meshes/mProps/lo_Prop_Lamp_A.fbx using Guid(fbb069574c0f0f64a9948fb3e94e2572) Importer(815301076,1909f56bfc062723c751e8b465ee728b)  -> (artifact id: '337672816dcf4bea54d9d41a3af01f38') in 0.026350 seconds 
========================================================================
Received Import Request.
  Time since last request: 0.000023 seconds.
  path: Assets/Flooded_Grounds/Content/Meshes/mProps/lo_Prop_Gravestone_E.fbx
  artifactKey: Guid(24a2b31c7fe676840828c2b1be5636c5) Importer(815301076,1909f56bfc062723c751e8b465ee728b)
Start importing Assets/Flooded_Grounds/Content/Meshes/mProps/lo_Prop_Gravestone_E.fbx using Guid(24a2b31c7fe676840828c2b1be5636c5) Importer(815301076,1909f56bfc062723c751e8b465ee728b)  -> (artifact id: 'ad2b21684da18818ef5f6042bc379e0c') in 0.016845 seconds 
========================================================================
Received Import Request.
  Time since last request: 0.000016 seconds.
  path: Assets/Flooded_Grounds/Content/Meshes/mProps/Prop_Painting_A.fbx
  artifactKey: Guid(10dfd4d4840b47543a0787023b094f96) Importer(815301076,1909f56bfc062723c751e8b465ee728b)
Start importing Assets/Flooded_Grounds/Content/Meshes/mProps/Prop_Painting_A.fbx using Guid(10dfd4d4840b47543a0787023b094f96) Importer(815301076,1909f56bfc062723c751e8b465ee728b)  -> (artifact id: 'b577787720404bb958de5bca823927c0') in 0.018254 seconds 
========================================================================
Received Import Request.
  Time since last request: 0.000057 seconds.
  path: Assets/Flooded_Grounds/Content/Meshes/mProps/lo_Prop_SmallTable_A.fbx
  artifactKey: Guid(74088f6e691cf8545a0446010adcc943) Importer(815301076,1909f56bfc062723c751e8b465ee728b)
Start importing Assets/Flooded_Grounds/Content/Meshes/mProps/lo_Prop_SmallTable_A.fbx using Guid(74088f6e691cf8545a0446010adcc943) Importer(815301076,1909f56bfc062723c751e8b465ee728b)  -> (artifact id: '2a03b009cad1061fae189726dd1b6ef0') in 0.024539 seconds 
