Using pre-set license
Built from '2021.3/staging' branch; Version is '2021.3.25f1 (68ef2c4f8861) revision 6876972'; Using compiler version '192829333'; Build Type 'Release'
OS: 'Windows 10  (10.0.19045) 64bit Professional' Language: 'en' Physical Memory: 32714 MB
BatchMode: 1, IsHumanControllingUs: 0, StartBugReporterOnCrash: 0, Is64bit: 1, IsPro: 1

COMMAND LINE ARGUMENTS:
D:\Programs\Unity Hub\2021.3.25f1\Editor\Unity.exe
-adb2
-batchMode
-noUpm
-name
AssetImportWorker9
-projectPath
D:/Projects/Unity_projects/IAT445_A2/IAT445_A2
-logFile
Logs/AssetImportWorker9.log
-srvPort
56945
Successfully changed project path to: D:/Projects/Unity_projects/IAT445_A2/IAT445_A2
D:/Projects/Unity_projects/IAT445_A2/IAT445_A2
[UnityMemory] Configuration Parameters - Can be set up in boot.config
    "memorysetup-bucket-allocator-granularity=16"
    "memorysetup-bucket-allocator-bucket-count=8"
    "memorysetup-bucket-allocator-block-size=33554432"
    "memorysetup-bucket-allocator-block-count=8"
    "memorysetup-main-allocator-block-size=16777216"
    "memorysetup-thread-allocator-block-size=16777216"
    "memorysetup-gfx-main-allocator-block-size=16777216"
    "memorysetup-gfx-thread-allocator-block-size=16777216"
    "memorysetup-cache-allocator-block-size=4194304"
    "memorysetup-typetree-allocator-block-size=2097152"
    "memorysetup-profiler-bucket-allocator-granularity=16"
    "memorysetup-profiler-bucket-allocator-bucket-count=8"
    "memorysetup-profiler-bucket-allocator-block-size=33554432"
    "memorysetup-profiler-bucket-allocator-block-count=8"
    "memorysetup-profiler-allocator-block-size=16777216"
    "memorysetup-profiler-editor-allocator-block-size=1048576"
    "memorysetup-temp-allocator-size-main=16777216"
    "memorysetup-job-temp-allocator-block-size=2097152"
    "memorysetup-job-temp-allocator-block-size-background=1048576"
    "memorysetup-job-temp-allocator-reduction-small-platforms=262144"
    "memorysetup-temp-allocator-size-background-worker=32768"
    "memorysetup-temp-allocator-size-job-worker=262144"
    "memorysetup-temp-allocator-size-preload-manager=33554432"
    "memorysetup-temp-allocator-size-nav-mesh-worker=65536"
    "memorysetup-temp-allocator-size-audio-worker=65536"
    "memorysetup-temp-allocator-size-cloud-worker=32768"
    "memorysetup-temp-allocator-size-gi-baking-worker=262144"
    "memorysetup-temp-allocator-size-gfx=262144"
Player connection [22876] Host "[IP] 192.168.1.229 [Port] 0 [Flags] 2 [Guid] 541990125 [EditorId] 541990125 [Version] 1048832 [Id] WindowsEditor(7,DESKTOP-G7TDJ4J) [Debug] 1 [PackageName] WindowsEditor [ProjectName] Editor" joined multi-casting on [225.0.0.222:54997]...

Player connection [22876] Host "[IP] 192.168.1.229 [Port] 0 [Flags] 2 [Guid] 541990125 [EditorId] 541990125 [Version] 1048832 [Id] WindowsEditor(7,DESKTOP-G7TDJ4J) [Debug] 1 [PackageName] WindowsEditor [ProjectName] Editor" joined alternative multi-casting on [225.0.0.222:34997]...

Refreshing native plugins compatible for Editor in 80.44 ms, found 3 plugins.
Preloading 0 native plugins for Editor in 0.00 ms.
Initialize engine version: 2021.3.25f1 (68ef2c4f8861)
[Subsystems] Discovering subsystems at path D:/Programs/Unity Hub/2021.3.25f1/Editor/Data/Resources/UnitySubsystems
[Subsystems] Discovering subsystems at path D:/Projects/Unity_projects/IAT445_A2/IAT445_A2/Assets
GfxDevice: creating device client; threaded=0; jobified=0
Direct3D:
    Version:  Direct3D 11.0 [level 11.1]
    Renderer: NVIDIA GeForce RTX 3060 Ti (ID=0x2486)
    Vendor:   NVIDIA
    VRAM:     8038 MB
    Driver:   31.0.15.3619
Initialize mono
Mono path[0] = 'D:/Programs/Unity Hub/2021.3.25f1/Editor/Data/Managed'
Mono path[1] = 'D:/Programs/Unity Hub/2021.3.25f1/Editor/Data/MonoBleedingEdge/lib/mono/unityjit-win32'
Mono config path = 'D:/Programs/Unity Hub/2021.3.25f1/Editor/Data/MonoBleedingEdge/etc'
Using monoOptions --debugger-agent=transport=dt_socket,embedding=1,server=y,suspend=n,address=127.0.0.1:56224
Begin MonoManager ReloadAssembly
Registering precompiled unity dll's ...
Register platform support module: D:/Programs/Unity Hub/2021.3.25f1/Editor/Data/PlaybackEngines/WindowsStandaloneSupport/UnityEditor.WindowsStandalone.Extensions.dll
Registered in 0.002815 seconds.
Native extension for WindowsStandalone target not found
Refreshing native plugins compatible for Editor in 76.21 ms, found 3 plugins.
Preloading 0 native plugins for Editor in 0.00 ms.
Mono: successfully reloaded assembly
- Completed reload, in  0.562 seconds
Domain Reload Profiling:
	ReloadAssembly (563ms)
		BeginReloadAssembly (71ms)
			ExecutionOrderSort (0ms)
			DisableScriptedObjects (0ms)
			BackupInstance (0ms)
			ReleaseScriptingObjects (0ms)
			CreateAndSetChildDomain (1ms)
		EndReloadAssembly (409ms)
			LoadAssemblies (70ms)
			RebuildTransferFunctionScriptingTraits (0ms)
			SetupTypeCache (93ms)
			ReleaseScriptCaches (0ms)
			RebuildScriptCaches (26ms)
			SetupLoadedEditorAssemblies (248ms)
				LogAssemblyErrors (0ms)
				InitializePlatformSupportModulesInManaged (6ms)
				SetLoadedEditorAssemblies (0ms)
				RefreshPlugins (76ms)
				BeforeProcessingInitializeOnLoad (1ms)
				ProcessInitializeOnLoadAttributes (125ms)
				ProcessInitializeOnLoadMethodAttributes (40ms)
				AfterProcessingInitializeOnLoad (0ms)
				EditorAssembliesLoaded (0ms)
			ExecutionOrderSort2 (0ms)
			AwakeInstancesAfterBackupRestoration (0ms)
Platform modules already initialized, skipping
Registering precompiled user dll's ...
Registered in 0.003350 seconds.
Begin MonoManager ReloadAssembly
Symbol file LoadedFromMemory doesn't match image D:\Projects\Unity_projects\IAT445_A2\IAT445_A2\Library\PackageCache\com.unity.visualscripting@1.8.0\Editor\VisualScripting.Core\Dependencies\YamlDotNet\Unity.VisualScripting.YamlDotNet.dll
Symbol file LoadedFromMemory doesn't match image D:\Projects\Unity_projects\IAT445_A2\IAT445_A2\Library\PackageCache\com.unity.visualscripting@1.8.0\Editor\VisualScripting.Core\Dependencies\DotNetZip\Unity.VisualScripting.IonicZip.dll
Native extension for WindowsStandalone target not found
Refreshing native plugins compatible for Editor in 0.56 ms, found 3 plugins.
Preloading 0 native plugins for Editor in 0.00 ms.
Mono: successfully reloaded assembly
- Completed reload, in  0.873 seconds
Domain Reload Profiling:
	ReloadAssembly (874ms)
		BeginReloadAssembly (98ms)
			ExecutionOrderSort (0ms)
			DisableScriptedObjects (5ms)
			BackupInstance (0ms)
			ReleaseScriptingObjects (0ms)
			CreateAndSetChildDomain (17ms)
		EndReloadAssembly (687ms)
			LoadAssemblies (70ms)
			RebuildTransferFunctionScriptingTraits (0ms)
			SetupTypeCache (257ms)
			ReleaseScriptCaches (1ms)
			RebuildScriptCaches (44ms)
			SetupLoadedEditorAssemblies (291ms)
				LogAssemblyErrors (0ms)
				InitializePlatformSupportModulesInManaged (4ms)
				SetLoadedEditorAssemblies (0ms)
				RefreshPlugins (1ms)
				BeforeProcessingInitializeOnLoad (67ms)
				ProcessInitializeOnLoadAttributes (199ms)
				ProcessInitializeOnLoadMethodAttributes (16ms)
				AfterProcessingInitializeOnLoad (3ms)
				EditorAssembliesLoaded (0ms)
			ExecutionOrderSort2 (0ms)
			AwakeInstancesAfterBackupRestoration (6ms)
Platform modules already initialized, skipping
========================================================================
Worker process is ready to serve import requests
Launched and connected shader compiler UnityShaderCompiler.exe after 0.07 seconds
Refreshing native plugins compatible for Editor in 1.01 ms, found 3 plugins.
Preloading 0 native plugins for Editor in 0.00 ms.
Unloading 3174 Unused Serialized files (Serialized files now loaded: 0)
Unloading 29 unused Assets / (1.1 MB). Loaded Objects now: 3659.
Memory consumption went from 139.4 MB to 138.3 MB.
Total: 5.000900 ms (FindLiveObjects: 0.280000 ms CreateObjectMapping: 0.192100 ms MarkObjects: 3.854800 ms  DeleteObjects: 0.673200 ms)

AssetImportParameters requested are different than current active one (requested -> active):
  custom:video-decoder-ogg-theora: a1e56fd34408186e4bbccfd4996cb3dc -> 
  custom:container-muxer-webm: aa71ff27fc2769a1b78a27578f13a17b -> 
  custom:container-demuxer-webm: 4f35f7cbe854078d1ac9338744f61a02 -> 
  custom:video-encoder-webm-vp8: eb34c28f22e8b96e1ab97ce403110664 -> 
  custom:audio-encoder-webm-vorbis: bf7c407c2cedff20999df2af8eb42d56 -> 
  custom:framework-win-MediaFoundation: 216162199b28c13a410421893ffa2e32 -> 
  custom:container-demuxer-ogg: 62fdf1f143b41e24485cea50d1cbac27 -> 
  custom:video-decoder-webm-vp8: 9c59270c3fd7afecdb556c50c9e8de78 -> 
  custom:audio-decoder-ogg-vorbis: bf7c407c2cedff20999df2af8eb42d56 -> 
========================================================================
Received Import Request.
  Time since last request: 1165120.693569 seconds.
  path: Assets/Flooded_Grounds/Prefabs/Buildings/Villa2/Villa2_Base_Ext_A.prefab
  artifactKey: Guid(58212b31b018cdb4d8b7ef95d6a1c5c9) Importer(815301076,1909f56bfc062723c751e8b465ee728b)
Start importing Assets/Flooded_Grounds/Prefabs/Buildings/Villa2/Villa2_Base_Ext_A.prefab using Guid(58212b31b018cdb4d8b7ef95d6a1c5c9) Importer(815301076,1909f56bfc062723c751e8b465ee728b)  -> (artifact id: '84edec6f0e61224c4c2cff64c0bde9da') in 0.299007 seconds 
========================================================================
Received Import Request.
  Time since last request: 0.000021 seconds.
  path: Assets/Flooded_Grounds/Prefabs/Buildings/Villa2/Villa2_Deco_Column_Mid_A.prefab
  artifactKey: Guid(0763e8f6d4dbc2a4a8ad9b0f340e81fb) Importer(815301076,1909f56bfc062723c751e8b465ee728b)
Start importing Assets/Flooded_Grounds/Prefabs/Buildings/Villa2/Villa2_Deco_Column_Mid_A.prefab using Guid(0763e8f6d4dbc2a4a8ad9b0f340e81fb) Importer(815301076,1909f56bfc062723c751e8b465ee728b)  -> (artifact id: '99c6bbe7261f4315de15cfcf517bde15') in 0.072588 seconds 
========================================================================
Received Import Request.
  Time since last request: 0.000034 seconds.
  path: Assets/Flooded_Grounds/Prefabs/Buildings/Villa2/Villa2_Deco_Handrail1_Cor_B.prefab
  artifactKey: Guid(6c76f7e8b93342a4b93a121c3afd2823) Importer(815301076,1909f56bfc062723c751e8b465ee728b)
Start importing Assets/Flooded_Grounds/Prefabs/Buildings/Villa2/Villa2_Deco_Handrail1_Cor_B.prefab using Guid(6c76f7e8b93342a4b93a121c3afd2823) Importer(815301076,1909f56bfc062723c751e8b465ee728b)  -> (artifact id: 'f755a8f4239603417122e6fa47ab7b19') in 0.040297 seconds 
========================================================================
Received Import Request.
  Time since last request: 0.000014 seconds.
  path: Assets/Flooded_Grounds/Prefabs/Buildings/Villa2/Villa2_Deco_Column_Top_A.prefab
  artifactKey: Guid(59cd9f0362fbbe9429b68578566a5baa) Importer(815301076,1909f56bfc062723c751e8b465ee728b)
Start importing Assets/Flooded_Grounds/Prefabs/Buildings/Villa2/Villa2_Deco_Column_Top_A.prefab using Guid(59cd9f0362fbbe9429b68578566a5baa) Importer(815301076,1909f56bfc062723c751e8b465ee728b)  -> (artifact id: '3963f91068500101382c4bb2c8fba762') in 0.043524 seconds 
========================================================================
Received Import Request.
  Time since last request: 0.000015 seconds.
  path: Assets/Flooded_Grounds/Prefabs/Buildings/Villa2/Villa2_Top_Cor_C.prefab
  artifactKey: Guid(93f44a230fff05f449ae9010be89acff) Importer(815301076,1909f56bfc062723c751e8b465ee728b)
Start importing Assets/Flooded_Grounds/Prefabs/Buildings/Villa2/Villa2_Top_Cor_C.prefab using Guid(93f44a230fff05f449ae9010be89acff) Importer(815301076,1909f56bfc062723c751e8b465ee728b)  -> (artifact id: 'e681f2176981fcdd99a88f4492cf16c4') in 0.046592 seconds 
========================================================================
Received Import Request.
  Time since last request: 0.000027 seconds.
  path: Assets/Flooded_Grounds/Prefabs/Buildings/Villa2/Villa2_Floor_Mid_A_4x.prefab
  artifactKey: Guid(558a097bc18737e4f86558385790d6f7) Importer(815301076,1909f56bfc062723c751e8b465ee728b)
Start importing Assets/Flooded_Grounds/Prefabs/Buildings/Villa2/Villa2_Floor_Mid_A_4x.prefab using Guid(558a097bc18737e4f86558385790d6f7) Importer(815301076,1909f56bfc062723c751e8b465ee728b)  -> (artifact id: 'aa904e5e262a977ca50a874f67a627f0') in 0.039864 seconds 
========================================================================
Received Import Request.
  Time since last request: 0.000016 seconds.
  path: Assets/Flooded_Grounds/Prefabs/Buildings/Villa2/Villa2_Deco_Handrail1_Cap_A.prefab
  artifactKey: Guid(0b08d4e9832f0c04198e757fa9771186) Importer(815301076,1909f56bfc062723c751e8b465ee728b)
Start importing Assets/Flooded_Grounds/Prefabs/Buildings/Villa2/Villa2_Deco_Handrail1_Cap_A.prefab using Guid(0b08d4e9832f0c04198e757fa9771186) Importer(815301076,1909f56bfc062723c751e8b465ee728b)  -> (artifact id: 'ae9f2aaa699528bde1f6430df4b21c3c') in 0.046056 seconds 
========================================================================
Received Import Request.
  Time since last request: 0.000024 seconds.
  path: Assets/Flooded_Grounds/Prefabs/Buildings/Villa2/Villa2_Deco_RoofPiece_B.prefab
  artifactKey: Guid(944f673b75b562848800fece371cf725) Importer(815301076,1909f56bfc062723c751e8b465ee728b)
Start importing Assets/Flooded_Grounds/Prefabs/Buildings/Villa2/Villa2_Deco_RoofPiece_B.prefab using Guid(944f673b75b562848800fece371cf725) Importer(815301076,1909f56bfc062723c751e8b465ee728b)  -> (artifact id: '7f4c5d262d19474d799f75961378d8f8') in 0.043343 seconds 
========================================================================
Received Import Request.
  Time since last request: 0.000027 seconds.
  path: Assets/Flooded_Grounds/Prefabs/Buildings/Villa2/Villa2_Deco_Column_Base_A.prefab
  artifactKey: Guid(afdad0efc675a5f4a88b20acb7b88dd5) Importer(815301076,1909f56bfc062723c751e8b465ee728b)
Start importing Assets/Flooded_Grounds/Prefabs/Buildings/Villa2/Villa2_Deco_Column_Base_A.prefab using Guid(afdad0efc675a5f4a88b20acb7b88dd5) Importer(815301076,1909f56bfc062723c751e8b465ee728b)  -> (artifact id: '7b807d5bd876c18d613782abfd163426') in 0.042630 seconds 
========================================================================
Received Import Request.
  Time since last request: 0.000023 seconds.
  path: Assets/Flooded_Grounds/Prefabs/Buildings/Villa2/Villa2_Wall_Int_B.prefab
  artifactKey: Guid(5d4f7bb6ba9a6da4cab8ff0db61e4e59) Importer(815301076,1909f56bfc062723c751e8b465ee728b)
Start importing Assets/Flooded_Grounds/Prefabs/Buildings/Villa2/Villa2_Wall_Int_B.prefab using Guid(5d4f7bb6ba9a6da4cab8ff0db61e4e59) Importer(815301076,1909f56bfc062723c751e8b465ee728b)  -> (artifact id: '79bcc9ebe7f433db2ca5eb8a87c00fda') in 0.044397 seconds 
========================================================================
Received Import Request.
  Time since last request: 0.000020 seconds.
  path: Assets/Flooded_Grounds/Prefabs/Buildings/Villa2/Villa2_Deco_Beam_A.prefab
  artifactKey: Guid(64c457e5b1dd24947babae9551b67286) Importer(815301076,1909f56bfc062723c751e8b465ee728b)
Start importing Assets/Flooded_Grounds/Prefabs/Buildings/Villa2/Villa2_Deco_Beam_A.prefab using Guid(64c457e5b1dd24947babae9551b67286) Importer(815301076,1909f56bfc062723c751e8b465ee728b)  -> (artifact id: '19c71d35ea59f6218488690ff5db1160') in 0.045199 seconds 
========================================================================
Received Import Request.
  Time since last request: 0.000022 seconds.
  path: Assets/Flooded_Grounds/Prefabs/Buildings/Villa2/Villa2_Deco_Chimney_A.prefab
  artifactKey: Guid(54baefad3b03c0e40bae826dce4c454e) Importer(815301076,1909f56bfc062723c751e8b465ee728b)
Start importing Assets/Flooded_Grounds/Prefabs/Buildings/Villa2/Villa2_Deco_Chimney_A.prefab using Guid(54baefad3b03c0e40bae826dce4c454e) Importer(815301076,1909f56bfc062723c751e8b465ee728b)  -> (artifact id: 'deb81d3943f6fae2f0a006c4c1730055') in 0.045011 seconds 
========================================================================
Received Import Request.
  Time since last request: 0.000028 seconds.
  path: Assets/Flooded_Grounds/Prefabs/Buildings/Villa2/Villa2_Roof_Mid_A_4x.prefab
  artifactKey: Guid(cf4f5e6cd5a9c7549aa7c76b3d4e742f) Importer(815301076,1909f56bfc062723c751e8b465ee728b)
Start importing Assets/Flooded_Grounds/Prefabs/Buildings/Villa2/Villa2_Roof_Mid_A_4x.prefab using Guid(cf4f5e6cd5a9c7549aa7c76b3d4e742f) Importer(815301076,1909f56bfc062723c751e8b465ee728b)  -> (artifact id: '299ee0bae9253f6ba192cc600326f196') in 0.038265 seconds 
Editor requested this worker to shutdown with reason: Scaling down because of idle timeout
AssetImportWorker is now disconnected from the server
Process exiting
Exiting without the bug reporter. Application will terminate with return code 0